2022-02-09 18:35:44 INFO  FOUserAgent:83 - An fo:table  (No context info available) is wider than the available room in inline-progression-dimension. Adjusting end-indent based on overconstrained geometry rules (XSL 1.1, ch. 5.3.4)
2022-02-09 18:35:44 WARN  FOUserAgent:94 - Font "Symbol,normal,700" not found. Substituting with "Symbol,normal,400".
2022-02-09 18:35:44 WARN  FOUserAgent:94 - Font "ZapfDingbats,normal,700" not found. Substituting with "ZapfDingbats,normal,400".
2022-02-09 18:35:44 INFO  FOUserAgent:83 - Rendered page #1.
2022-02-09 18:36:44 INFO  FOUserAgent:83 - An fo:table  (No context info available) is wider than the available room in inline-progression-dimension. Adjusting end-indent based on overconstrained geometry rules (XSL 1.1, ch. 5.3.4)
2022-02-09 18:36:45 WARN  FOUserAgent:94 - Font "Symbol,normal,700" not found. Substituting with "Symbol,normal,400".
2022-02-09 18:36:45 WARN  FOUserAgent:94 - Font "ZapfDingbats,normal,700" not found. Substituting with "ZapfDingbats,normal,400".
2022-02-09 18:36:45 INFO  FOUserAgent:83 - Rendered page #1.
2022-02-09 18:37:59 INFO  FOUserAgent:83 - An fo:table  (No context info available) is wider than the available room in inline-progression-dimension. Adjusting end-indent based on overconstrained geometry rules (XSL 1.1, ch. 5.3.4)
2022-02-09 18:37:59 WARN  FOUserAgent:94 - Font "Symbol,normal,700" not found. Substituting with "Symbol,normal,400".
2022-02-09 18:37:59 WARN  FOUserAgent:94 - Font "ZapfDingbats,normal,700" not found. Substituting with "ZapfDingbats,normal,400".
2022-02-09 18:37:59 INFO  FOUserAgent:83 - Rendered page #1.
2022-02-09 19:25:19 INFO  FOUserAgent:83 - An fo:table  (No context info available) is wider than the available room in inline-progression-dimension. Adjusting end-indent based on overconstrained geometry rules (XSL 1.1, ch. 5.3.4)
2022-02-09 19:25:19 WARN  FOUserAgent:94 - Font "Symbol,normal,700" not found. Substituting with "Symbol,normal,400".
2022-02-09 19:25:19 WARN  FOUserAgent:94 - Font "ZapfDingbats,normal,700" not found. Substituting with "ZapfDingbats,normal,400".
2022-02-09 19:25:19 INFO  FOUserAgent:83 - Rendered page #1.
2022-02-09 19:27:34 INFO  FOUserAgent:83 - An fo:table  (No context info available) is wider than the available room in inline-progression-dimension. Adjusting end-indent based on overconstrained geometry rules (XSL 1.1, ch. 5.3.4)
2022-02-09 19:27:34 WARN  FOUserAgent:94 - Font "Symbol,normal,700" not found. Substituting with "Symbol,normal,400".
2022-02-09 19:27:34 WARN  FOUserAgent:94 - Font "ZapfDingbats,normal,700" not found. Substituting with "ZapfDingbats,normal,400".
2022-02-09 19:27:34 INFO  FOUserAgent:83 - Rendered page #1.
2022-02-09 19:38:02 INFO  FOUserAgent:83 - An fo:table  (No context info available) is wider than the available room in inline-progression-dimension. Adjusting end-indent based on overconstrained geometry rules (XSL 1.1, ch. 5.3.4)
2022-02-09 19:38:02 WARN  FOUserAgent:94 - Font "Symbol,normal,700" not found. Substituting with "Symbol,normal,400".
2022-02-09 19:38:02 WARN  FOUserAgent:94 - Font "ZapfDingbats,normal,700" not found. Substituting with "ZapfDingbats,normal,400".
2022-02-09 19:38:03 INFO  FOUserAgent:83 - Rendered page #1.
2022-02-09 19:50:03 INFO  FOUserAgent:83 - An fo:table  (No context info available) is wider than the available room in inline-progression-dimension. Adjusting end-indent based on overconstrained geometry rules (XSL 1.1, ch. 5.3.4)
2022-02-09 19:50:03 WARN  FOUserAgent:94 - Font "Symbol,normal,700" not found. Substituting with "Symbol,normal,400".
2022-02-09 19:50:03 WARN  FOUserAgent:94 - Font "ZapfDingbats,normal,700" not found. Substituting with "ZapfDingbats,normal,400".
2022-02-09 19:50:04 INFO  FOUserAgent:83 - Rendered page #1.
2022-02-09 20:03:57 WARN  FOUserAgent:97 - The following feature isn't implemented by Apache FOP, yet: table-layout="auto" (on fo:table) (No context info available)
2022-02-09 20:03:58 INFO  FOUserAgent:83 - An fo:table  (No context info available) is wider than the available room in inline-progression-dimension. Adjusting end-indent based on overconstrained geometry rules (XSL 1.1, ch. 5.3.4)
2022-02-09 20:03:58 WARN  FOUserAgent:94 - Font "Symbol,normal,700" not found. Substituting with "Symbol,normal,400".
2022-02-09 20:03:58 WARN  FOUserAgent:94 - Font "ZapfDingbats,normal,700" not found. Substituting with "ZapfDingbats,normal,400".
2022-02-09 20:03:58 INFO  FOUserAgent:83 - Rendered page #1.
2022-02-09 20:06:27 WARN  FOUserAgent:97 - The following feature isn't implemented by Apache FOP, yet: table-layout="auto" (on fo:table) (No context info available)
2022-02-09 20:08:51 WARN  FOUserAgent:97 - The following feature isn't implemented by Apache FOP, yet: table-layout="auto" (on fo:table) (No context info available)
2022-02-09 20:10:39 WARN  FOUserAgent:97 - The following feature isn't implemented by Apache FOP, yet: table-layout="auto" (on fo:table) (No context info available)
2022-02-09 20:10:39 INFO  FOUserAgent:83 - An fo:table  (No context info available) is wider than the available room in inline-progression-dimension. Adjusting end-indent based on overconstrained geometry rules (XSL 1.1, ch. 5.3.4)
2022-02-09 20:10:39 WARN  FOUserAgent:94 - Font "Symbol,normal,700" not found. Substituting with "Symbol,normal,400".
2022-02-09 20:10:39 WARN  FOUserAgent:94 - Font "ZapfDingbats,normal,700" not found. Substituting with "ZapfDingbats,normal,400".
2022-02-09 20:10:39 INFO  FOUserAgent:83 - Rendered page #1.
2022-02-09 20:12:28 WARN  FOUserAgent:97 - The following feature isn't implemented by Apache FOP, yet: table-layout="auto" (on fo:table) (No context info available)
2022-02-09 20:12:28 INFO  FOUserAgent:83 - An fo:table  (No context info available) is wider than the available room in inline-progression-dimension. Adjusting end-indent based on overconstrained geometry rules (XSL 1.1, ch. 5.3.4)
2022-02-09 20:12:28 WARN  FOUserAgent:94 - Font "Symbol,normal,700" not found. Substituting with "Symbol,normal,400".
2022-02-09 20:12:28 WARN  FOUserAgent:94 - Font "ZapfDingbats,normal,700" not found. Substituting with "ZapfDingbats,normal,400".
2022-02-09 20:12:28 INFO  FOUserAgent:83 - Rendered page #1.
2022-02-09 20:16:48 WARN  FOUserAgent:97 - The following feature isn't implemented by Apache FOP, yet: table-layout="auto" (on fo:table) (No context info available)
2022-02-09 20:16:48 WARN  FOUserAgent:97 - The following feature isn't implemented by Apache FOP, yet: table-layout="auto" (on fo:table) (No context info available)
2022-02-09 20:16:48 INFO  FOUserAgent:83 - An fo:table  (No context info available) is wider than the available room in inline-progression-dimension. Adjusting end-indent based on overconstrained geometry rules (XSL 1.1, ch. 5.3.4)
2022-02-09 20:16:48 WARN  FOUserAgent:94 - Font "Symbol,normal,700" not found. Substituting with "Symbol,normal,400".
2022-02-09 20:16:48 WARN  FOUserAgent:94 - Font "ZapfDingbats,normal,700" not found. Substituting with "ZapfDingbats,normal,400".
2022-02-09 20:16:49 INFO  FOUserAgent:83 - Rendered page #1.
2022-02-09 20:18:55 WARN  FOUserAgent:97 - The following feature isn't implemented by Apache FOP, yet: table-layout="auto" (on fo:table) (No context info available)
2022-02-09 20:18:55 WARN  FOUserAgent:97 - The following feature isn't implemented by Apache FOP, yet: table-layout="auto" (on fo:table) (No context info available)
2022-02-09 20:18:55 INFO  FOUserAgent:83 - An fo:table  (No context info available) is wider than the available room in inline-progression-dimension. Adjusting end-indent based on overconstrained geometry rules (XSL 1.1, ch. 5.3.4)
2022-02-09 20:18:55 WARN  FOUserAgent:94 - Font "Symbol,normal,700" not found. Substituting with "Symbol,normal,400".
2022-02-09 20:18:55 WARN  FOUserAgent:94 - Font "ZapfDingbats,normal,700" not found. Substituting with "ZapfDingbats,normal,400".
2022-02-09 20:18:55 INFO  FOUserAgent:83 - Rendered page #1.
2022-02-09 20:49:46 WARN  FOUserAgent:97 - The following feature isn't implemented by Apache FOP, yet: table-layout="auto" (on fo:table) (No context info available)
2022-02-09 20:49:46 WARN  FOUserAgent:97 - The following feature isn't implemented by Apache FOP, yet: table-layout="auto" (on fo:table) (No context info available)
2022-02-09 20:49:46 INFO  FOUserAgent:83 - An fo:table  (No context info available) is wider than the available room in inline-progression-dimension. Adjusting end-indent based on overconstrained geometry rules (XSL 1.1, ch. 5.3.4)
2022-02-09 20:49:46 WARN  FOUserAgent:94 - Font "Symbol,normal,700" not found. Substituting with "Symbol,normal,400".
2022-02-09 20:49:46 WARN  FOUserAgent:94 - Font "ZapfDingbats,normal,700" not found. Substituting with "ZapfDingbats,normal,400".
2022-02-09 20:49:46 INFO  FOUserAgent:83 - Rendered page #1.
2022-02-09 20:53:38 WARN  FOUserAgent:97 - The following feature isn't implemented by Apache FOP, yet: table-layout="auto" (on fo:table) (No context info available)
2022-02-09 20:53:38 WARN  FOUserAgent:97 - The following feature isn't implemented by Apache FOP, yet: table-layout="auto" (on fo:table) (No context info available)
2022-02-09 20:53:38 INFO  FOUserAgent:83 - An fo:table  (No context info available) is wider than the available room in inline-progression-dimension. Adjusting end-indent based on overconstrained geometry rules (XSL 1.1, ch. 5.3.4)
2022-02-09 20:53:38 WARN  FOUserAgent:94 - Font "Symbol,normal,700" not found. Substituting with "Symbol,normal,400".
2022-02-09 20:53:38 WARN  FOUserAgent:94 - Font "ZapfDingbats,normal,700" not found. Substituting with "ZapfDingbats,normal,400".
2022-02-09 20:53:38 INFO  FOUserAgent:83 - Rendered page #1.
2022-02-09 20:55:23 WARN  FOUserAgent:97 - The following feature isn't implemented by Apache FOP, yet: table-layout="auto" (on fo:table) (No context info available)
2022-02-09 20:55:23 WARN  FOUserAgent:97 - The following feature isn't implemented by Apache FOP, yet: table-layout="auto" (on fo:table) (No context info available)
2022-02-09 20:55:23 INFO  FOUserAgent:83 - An fo:table  (No context info available) is wider than the available room in inline-progression-dimension. Adjusting end-indent based on overconstrained geometry rules (XSL 1.1, ch. 5.3.4)
2022-02-09 20:55:23 WARN  FOUserAgent:94 - Font "Symbol,normal,700" not found. Substituting with "Symbol,normal,400".
2022-02-09 20:55:23 WARN  FOUserAgent:94 - Font "ZapfDingbats,normal,700" not found. Substituting with "ZapfDingbats,normal,400".
2022-02-09 20:55:23 INFO  FOUserAgent:83 - Rendered page #1.
2022-02-09 20:56:01 WARN  FOUserAgent:97 - The following feature isn't implemented by Apache FOP, yet: table-layout="auto" (on fo:table) (No context info available)
2022-02-09 20:56:01 WARN  FOUserAgent:97 - The following feature isn't implemented by Apache FOP, yet: table-layout="auto" (on fo:table) (No context info available)
2022-02-09 20:56:01 INFO  FOUserAgent:83 - An fo:table  (No context info available) is wider than the available room in inline-progression-dimension. Adjusting end-indent based on overconstrained geometry rules (XSL 1.1, ch. 5.3.4)
2022-02-09 20:56:01 WARN  FOUserAgent:94 - Font "Symbol,normal,700" not found. Substituting with "Symbol,normal,400".
2022-02-09 20:56:01 WARN  FOUserAgent:94 - Font "ZapfDingbats,normal,700" not found. Substituting with "ZapfDingbats,normal,400".
2022-02-09 20:56:01 INFO  FOUserAgent:83 - Rendered page #1.
2022-02-09 20:57:04 WARN  FOUserAgent:97 - The following feature isn't implemented by Apache FOP, yet: table-layout="auto" (on fo:table) (No context info available)
2022-02-09 20:57:04 WARN  FOUserAgent:97 - The following feature isn't implemented by Apache FOP, yet: table-layout="auto" (on fo:table) (No context info available)
2022-02-09 20:57:04 WARN  FOUserAgent:94 - Font "Symbol,normal,700" not found. Substituting with "Symbol,normal,400".
2022-02-09 20:57:04 WARN  FOUserAgent:94 - Font "ZapfDingbats,normal,700" not found. Substituting with "ZapfDingbats,normal,400".
2022-02-09 20:57:05 INFO  FOUserAgent:83 - Rendered page #1.
2022-02-09 20:57:59 WARN  FOUserAgent:97 - The following feature isn't implemented by Apache FOP, yet: table-layout="auto" (on fo:table) (No context info available)
2022-02-09 20:57:59 WARN  FOUserAgent:97 - The following feature isn't implemented by Apache FOP, yet: table-layout="auto" (on fo:table) (No context info available)
2022-02-09 20:57:59 WARN  FOUserAgent:94 - Font "Symbol,normal,700" not found. Substituting with "Symbol,normal,400".
2022-02-09 20:57:59 WARN  FOUserAgent:94 - Font "ZapfDingbats,normal,700" not found. Substituting with "ZapfDingbats,normal,400".
2022-02-09 20:58:00 INFO  FOUserAgent:83 - Rendered page #1.
2022-02-09 20:59:19 WARN  FOUserAgent:97 - The following feature isn't implemented by Apache FOP, yet: table-layout="auto" (on fo:table) (No context info available)
2022-02-09 20:59:19 WARN  FOUserAgent:97 - The following feature isn't implemented by Apache FOP, yet: table-layout="auto" (on fo:table) (No context info available)
2022-02-09 20:59:19 WARN  FOUserAgent:94 - Font "Symbol,normal,700" not found. Substituting with "Symbol,normal,400".
2022-02-09 20:59:19 WARN  FOUserAgent:94 - Font "ZapfDingbats,normal,700" not found. Substituting with "ZapfDingbats,normal,400".
2022-02-09 20:59:19 INFO  FOUserAgent:83 - Rendered page #1.
2022-02-09 21:00:10 WARN  FOUserAgent:97 - The following feature isn't implemented by Apache FOP, yet: table-layout="auto" (on fo:table) (No context info available)
2022-02-09 21:00:10 WARN  FOUserAgent:97 - The following feature isn't implemented by Apache FOP, yet: table-layout="auto" (on fo:table) (No context info available)
2022-02-09 21:00:10 WARN  FOUserAgent:94 - Font "Symbol,normal,700" not found. Substituting with "Symbol,normal,400".
2022-02-09 21:00:10 WARN  FOUserAgent:94 - Font "ZapfDingbats,normal,700" not found. Substituting with "ZapfDingbats,normal,400".
2022-02-09 21:00:10 INFO  FOUserAgent:83 - Rendered page #1.
2022-02-09 21:01:39 WARN  FOUserAgent:97 - The following feature isn't implemented by Apache FOP, yet: table-layout="auto" (on fo:table) (No context info available)
2022-02-09 21:01:39 WARN  FOUserAgent:97 - The following feature isn't implemented by Apache FOP, yet: table-layout="auto" (on fo:table) (No context info available)
2022-02-09 21:01:39 WARN  FOUserAgent:94 - Font "Symbol,normal,700" not found. Substituting with "Symbol,normal,400".
2022-02-09 21:01:39 WARN  FOUserAgent:94 - Font "ZapfDingbats,normal,700" not found. Substituting with "ZapfDingbats,normal,400".
2022-02-09 21:01:39 INFO  FOUserAgent:83 - Rendered page #1.
2022-02-09 21:02:57 WARN  FOUserAgent:97 - The following feature isn't implemented by Apache FOP, yet: table-layout="auto" (on fo:table) (No context info available)
2022-02-09 21:02:57 WARN  FOUserAgent:97 - The following feature isn't implemented by Apache FOP, yet: table-layout="auto" (on fo:table) (No context info available)
2022-02-09 21:02:57 WARN  FOUserAgent:94 - Font "Symbol,normal,700" not found. Substituting with "Symbol,normal,400".
2022-02-09 21:02:57 WARN  FOUserAgent:94 - Font "ZapfDingbats,normal,700" not found. Substituting with "ZapfDingbats,normal,400".
2022-02-09 21:02:57 INFO  FOUserAgent:83 - Rendered page #1.
2022-02-09 21:04:16 WARN  FOUserAgent:97 - The following feature isn't implemented by Apache FOP, yet: table-layout="auto" (on fo:table) (No context info available)
2022-02-09 21:04:16 WARN  FOUserAgent:97 - The following feature isn't implemented by Apache FOP, yet: table-layout="auto" (on fo:table) (No context info available)
2022-02-09 21:04:16 INFO  FOUserAgent:83 - An fo:table  (No context info available) is wider than the available room in inline-progression-dimension. Adjusting end-indent based on overconstrained geometry rules (XSL 1.1, ch. 5.3.4)
2022-02-09 21:04:16 WARN  FOUserAgent:94 - Font "Symbol,normal,700" not found. Substituting with "Symbol,normal,400".
2022-02-09 21:04:16 WARN  FOUserAgent:94 - Font "ZapfDingbats,normal,700" not found. Substituting with "ZapfDingbats,normal,400".
2022-02-09 21:04:16 INFO  FOUserAgent:83 - Rendered page #1.
2022-02-09 21:04:46 WARN  FOUserAgent:97 - The following feature isn't implemented by Apache FOP, yet: table-layout="auto" (on fo:table) (No context info available)
2022-02-09 21:04:46 WARN  FOUserAgent:97 - The following feature isn't implemented by Apache FOP, yet: table-layout="auto" (on fo:table) (No context info available)
2022-02-09 21:04:46 INFO  FOUserAgent:83 - An fo:table  (No context info available) is wider than the available room in inline-progression-dimension. Adjusting end-indent based on overconstrained geometry rules (XSL 1.1, ch. 5.3.4)
2022-02-09 21:04:46 WARN  FOUserAgent:94 - Font "Symbol,normal,700" not found. Substituting with "Symbol,normal,400".
2022-02-09 21:04:46 WARN  FOUserAgent:94 - Font "ZapfDingbats,normal,700" not found. Substituting with "ZapfDingbats,normal,400".
2022-02-09 21:04:46 INFO  FOUserAgent:83 - Rendered page #1.
2022-02-09 21:05:05 WARN  FOUserAgent:97 - The following feature isn't implemented by Apache FOP, yet: table-layout="auto" (on fo:table) (No context info available)
2022-02-09 21:05:05 WARN  FOUserAgent:97 - The following feature isn't implemented by Apache FOP, yet: table-layout="auto" (on fo:table) (No context info available)
2022-02-09 21:05:05 WARN  FOUserAgent:94 - Font "Symbol,normal,700" not found. Substituting with "Symbol,normal,400".
2022-02-09 21:05:05 WARN  FOUserAgent:94 - Font "ZapfDingbats,normal,700" not found. Substituting with "ZapfDingbats,normal,400".
2022-02-09 21:05:05 INFO  FOUserAgent:83 - Rendered page #1.
2022-02-10 01:44:24 ERROR TestContextManager:234 - Caught exception while allowing TestExecutionListener [org.springframework.test.context.web.ServletTestExecutionListener@50687efb] to prepare test instance [com.increff.project.service.BrandServiceTest@517bd097]
java.lang.IllegalStateException: Failed to load ApplicationContext
	at org.springframework.test.context.cache.DefaultCacheAwareContextLoaderDelegate.loadContext(DefaultCacheAwareContextLoaderDelegate.java:124)
	at org.springframework.test.context.support.DefaultTestContext.getApplicationContext(DefaultTestContext.java:83)
	at org.springframework.test.context.web.ServletTestExecutionListener.setUpRequestContextIfNecessary(ServletTestExecutionListener.java:189)
	at org.springframework.test.context.web.ServletTestExecutionListener.prepareTestInstance(ServletTestExecutionListener.java:131)
	at org.springframework.test.context.TestContextManager.prepareTestInstance(TestContextManager.java:230)
	at org.springframework.test.context.junit4.SpringJUnit4ClassRunner.createTest(SpringJUnit4ClassRunner.java:228)
	at org.springframework.test.context.junit4.SpringJUnit4ClassRunner$1.runReflectiveCall(SpringJUnit4ClassRunner.java:287)
	at org.junit.internal.runners.model.ReflectiveCallable.run(ReflectiveCallable.java:12)
	at org.springframework.test.context.junit4.SpringJUnit4ClassRunner.methodBlock(SpringJUnit4ClassRunner.java:289)
	at org.springframework.test.context.junit4.SpringJUnit4ClassRunner.runChild(SpringJUnit4ClassRunner.java:247)
	at org.springframework.test.context.junit4.SpringJUnit4ClassRunner.runChild(SpringJUnit4ClassRunner.java:94)
	at org.junit.runners.ParentRunner$3.run(ParentRunner.java:290)
	at org.junit.runners.ParentRunner$1.schedule(ParentRunner.java:71)
	at org.junit.runners.ParentRunner.runChildren(ParentRunner.java:288)
	at org.junit.runners.ParentRunner.access$000(ParentRunner.java:58)
	at org.junit.runners.ParentRunner$2.evaluate(ParentRunner.java:268)
	at org.springframework.test.context.junit4.statements.RunBeforeTestClassCallbacks.evaluate(RunBeforeTestClassCallbacks.java:61)
	at org.springframework.test.context.junit4.statements.RunAfterTestClassCallbacks.evaluate(RunAfterTestClassCallbacks.java:70)
	at org.junit.runners.ParentRunner.run(ParentRunner.java:363)
	at org.springframework.test.context.junit4.SpringJUnit4ClassRunner.run(SpringJUnit4ClassRunner.java:191)
	at org.eclipse.jdt.internal.junit4.runner.JUnit4TestReference.run(JUnit4TestReference.java:93)
	at org.eclipse.jdt.internal.junit.runner.TestExecution.run(TestExecution.java:40)
	at org.eclipse.jdt.internal.junit.runner.RemoteTestRunner.runTests(RemoteTestRunner.java:529)
	at org.eclipse.jdt.internal.junit.runner.RemoteTestRunner.runTests(RemoteTestRunner.java:756)
	at org.eclipse.jdt.internal.junit.runner.RemoteTestRunner.run(RemoteTestRunner.java:452)
	at org.eclipse.jdt.internal.junit.runner.RemoteTestRunner.main(RemoteTestRunner.java:210)
Caused by: java.lang.IllegalStateException: Cannot load configuration class: com.increff.project.spring.QaConfig
	at org.springframework.context.annotation.ConfigurationClassPostProcessor.enhanceConfigurationClasses(ConfigurationClassPostProcessor.java:403)
	at org.springframework.context.annotation.ConfigurationClassPostProcessor.postProcessBeanFactory(ConfigurationClassPostProcessor.java:249)
	at org.springframework.context.support.PostProcessorRegistrationDelegate.invokeBeanFactoryPostProcessors(PostProcessorRegistrationDelegate.java:281)
	at org.springframework.context.support.PostProcessorRegistrationDelegate.invokeBeanFactoryPostProcessors(PostProcessorRegistrationDelegate.java:125)
	at org.springframework.context.support.AbstractApplicationContext.invokeBeanFactoryPostProcessors(AbstractApplicationContext.java:686)
	at org.springframework.context.support.AbstractApplicationContext.refresh(AbstractApplicationContext.java:524)
	at org.springframework.test.context.web.AbstractGenericWebContextLoader.loadContext(AbstractGenericWebContextLoader.java:134)
	at org.springframework.test.context.web.AbstractGenericWebContextLoader.loadContext(AbstractGenericWebContextLoader.java:61)
	at org.springframework.test.context.cache.DefaultCacheAwareContextLoaderDelegate.loadContextInternal(DefaultCacheAwareContextLoaderDelegate.java:98)
	at org.springframework.test.context.cache.DefaultCacheAwareContextLoaderDelegate.loadContext(DefaultCacheAwareContextLoaderDelegate.java:116)
	... 25 more
Caused by: java.lang.ExceptionInInitializerError
	at org.springframework.context.annotation.ConfigurationClassEnhancer.newEnhancer(ConfigurationClassEnhancer.java:119)
	at org.springframework.context.annotation.ConfigurationClassEnhancer.enhance(ConfigurationClassEnhancer.java:107)
	at org.springframework.context.annotation.ConfigurationClassPostProcessor.enhanceConfigurationClasses(ConfigurationClassPostProcessor.java:393)
	... 34 more
Caused by: java.lang.IllegalStateException: Unable to load cache item
	at org.springframework.cglib.core.internal.LoadingCache.createEntry(LoadingCache.java:79)
	at org.springframework.cglib.core.internal.LoadingCache.get(LoadingCache.java:34)
	at org.springframework.cglib.core.AbstractClassGenerator$ClassLoaderData.get(AbstractClassGenerator.java:116)
	at org.springframework.cglib.core.AbstractClassGenerator.create(AbstractClassGenerator.java:291)
	at org.springframework.cglib.core.KeyFactory$Generator.create(KeyFactory.java:221)
	at org.springframework.cglib.core.KeyFactory.create(KeyFactory.java:174)
	at org.springframework.cglib.core.KeyFactory.create(KeyFactory.java:153)
	at org.springframework.cglib.proxy.Enhancer.<clinit>(Enhancer.java:73)
	... 37 more
Caused by: java.lang.ExceptionInInitializerError
	at org.springframework.cglib.core.KeyFactory$Generator.generateClass(KeyFactory.java:243)
	at org.springframework.cglib.core.DefaultGeneratorStrategy.generate(DefaultGeneratorStrategy.java:25)
	at org.springframework.cglib.core.AbstractClassGenerator.generate(AbstractClassGenerator.java:329)
	at org.springframework.cglib.core.AbstractClassGenerator$ClassLoaderData$3.apply(AbstractClassGenerator.java:93)
	at org.springframework.cglib.core.AbstractClassGenerator$ClassLoaderData$3.apply(AbstractClassGenerator.java:91)
	at org.springframework.cglib.core.internal.LoadingCache$2.call(LoadingCache.java:54)
	at java.base/java.util.concurrent.FutureTask.run(FutureTask.java:264)
	at org.springframework.cglib.core.internal.LoadingCache.createEntry(LoadingCache.java:61)
	... 44 more
Caused by: java.lang.reflect.InaccessibleObjectException: Unable to make protected final java.lang.Class java.lang.ClassLoader.defineClass(java.lang.String,byte[],int,int,java.security.ProtectionDomain) throws java.lang.ClassFormatError accessible: module java.base does not "opens java.lang" to unnamed module @7382f612
	at java.base/java.lang.reflect.AccessibleObject.checkCanSetAccessible(AccessibleObject.java:354)
	at java.base/java.lang.reflect.AccessibleObject.checkCanSetAccessible(AccessibleObject.java:297)
	at java.base/java.lang.reflect.Method.checkCanSetAccessible(Method.java:199)
	at java.base/java.lang.reflect.Method.setAccessible(Method.java:193)
	at org.springframework.cglib.core.ReflectUtils$1.run(ReflectUtils.java:54)
	at java.base/java.security.AccessController.doPrivileged(AccessController.java:318)
	at org.springframework.cglib.core.ReflectUtils.<clinit>(ReflectUtils.java:44)
	... 52 more
2022-02-10 01:44:25 ERROR TestContextManager:234 - Caught exception while allowing TestExecutionListener [org.springframework.test.context.web.ServletTestExecutionListener@50687efb] to prepare test instance [com.increff.project.service.BrandServiceTest@64138b0c]
java.lang.IllegalStateException: Failed to load ApplicationContext
	at org.springframework.test.context.cache.DefaultCacheAwareContextLoaderDelegate.loadContext(DefaultCacheAwareContextLoaderDelegate.java:124)
	at org.springframework.test.context.support.DefaultTestContext.getApplicationContext(DefaultTestContext.java:83)
	at org.springframework.test.context.web.ServletTestExecutionListener.setUpRequestContextIfNecessary(ServletTestExecutionListener.java:189)
	at org.springframework.test.context.web.ServletTestExecutionListener.prepareTestInstance(ServletTestExecutionListener.java:131)
	at org.springframework.test.context.TestContextManager.prepareTestInstance(TestContextManager.java:230)
	at org.springframework.test.context.junit4.SpringJUnit4ClassRunner.createTest(SpringJUnit4ClassRunner.java:228)
	at org.springframework.test.context.junit4.SpringJUnit4ClassRunner$1.runReflectiveCall(SpringJUnit4ClassRunner.java:287)
	at org.junit.internal.runners.model.ReflectiveCallable.run(ReflectiveCallable.java:12)
	at org.springframework.test.context.junit4.SpringJUnit4ClassRunner.methodBlock(SpringJUnit4ClassRunner.java:289)
	at org.springframework.test.context.junit4.SpringJUnit4ClassRunner.runChild(SpringJUnit4ClassRunner.java:247)
	at org.springframework.test.context.junit4.SpringJUnit4ClassRunner.runChild(SpringJUnit4ClassRunner.java:94)
	at org.junit.runners.ParentRunner$3.run(ParentRunner.java:290)
	at org.junit.runners.ParentRunner$1.schedule(ParentRunner.java:71)
	at org.junit.runners.ParentRunner.runChildren(ParentRunner.java:288)
	at org.junit.runners.ParentRunner.access$000(ParentRunner.java:58)
	at org.junit.runners.ParentRunner$2.evaluate(ParentRunner.java:268)
	at org.springframework.test.context.junit4.statements.RunBeforeTestClassCallbacks.evaluate(RunBeforeTestClassCallbacks.java:61)
	at org.springframework.test.context.junit4.statements.RunAfterTestClassCallbacks.evaluate(RunAfterTestClassCallbacks.java:70)
	at org.junit.runners.ParentRunner.run(ParentRunner.java:363)
	at org.springframework.test.context.junit4.SpringJUnit4ClassRunner.run(SpringJUnit4ClassRunner.java:191)
	at org.eclipse.jdt.internal.junit4.runner.JUnit4TestReference.run(JUnit4TestReference.java:93)
	at org.eclipse.jdt.internal.junit.runner.TestExecution.run(TestExecution.java:40)
	at org.eclipse.jdt.internal.junit.runner.RemoteTestRunner.runTests(RemoteTestRunner.java:529)
	at org.eclipse.jdt.internal.junit.runner.RemoteTestRunner.runTests(RemoteTestRunner.java:756)
	at org.eclipse.jdt.internal.junit.runner.RemoteTestRunner.run(RemoteTestRunner.java:452)
	at org.eclipse.jdt.internal.junit.runner.RemoteTestRunner.main(RemoteTestRunner.java:210)
Caused by: java.lang.IllegalStateException: Cannot load configuration class: com.increff.project.spring.QaConfig
	at org.springframework.context.annotation.ConfigurationClassPostProcessor.enhanceConfigurationClasses(ConfigurationClassPostProcessor.java:403)
	at org.springframework.context.annotation.ConfigurationClassPostProcessor.postProcessBeanFactory(ConfigurationClassPostProcessor.java:249)
	at org.springframework.context.support.PostProcessorRegistrationDelegate.invokeBeanFactoryPostProcessors(PostProcessorRegistrationDelegate.java:281)
	at org.springframework.context.support.PostProcessorRegistrationDelegate.invokeBeanFactoryPostProcessors(PostProcessorRegistrationDelegate.java:125)
	at org.springframework.context.support.AbstractApplicationContext.invokeBeanFactoryPostProcessors(AbstractApplicationContext.java:686)
	at org.springframework.context.support.AbstractApplicationContext.refresh(AbstractApplicationContext.java:524)
	at org.springframework.test.context.web.AbstractGenericWebContextLoader.loadContext(AbstractGenericWebContextLoader.java:134)
	at org.springframework.test.context.web.AbstractGenericWebContextLoader.loadContext(AbstractGenericWebContextLoader.java:61)
	at org.springframework.test.context.cache.DefaultCacheAwareContextLoaderDelegate.loadContextInternal(DefaultCacheAwareContextLoaderDelegate.java:98)
	at org.springframework.test.context.cache.DefaultCacheAwareContextLoaderDelegate.loadContext(DefaultCacheAwareContextLoaderDelegate.java:116)
	... 25 more
Caused by: java.lang.NoClassDefFoundError: Could not initialize class org.springframework.cglib.proxy.Enhancer
	at org.springframework.context.annotation.ConfigurationClassEnhancer.newEnhancer(ConfigurationClassEnhancer.java:119)
	at org.springframework.context.annotation.ConfigurationClassEnhancer.enhance(ConfigurationClassEnhancer.java:107)
	at org.springframework.context.annotation.ConfigurationClassPostProcessor.enhanceConfigurationClasses(ConfigurationClassPostProcessor.java:393)
	... 34 more
2022-02-10 02:48:01 WARN  FOUserAgent:97 - The following feature isn't implemented by Apache FOP, yet: table-layout="auto" (on fo:table) (No context info available)
2022-02-10 02:48:01 WARN  FOUserAgent:97 - The following feature isn't implemented by Apache FOP, yet: table-layout="auto" (on fo:table) (No context info available)
2022-02-10 02:48:01 WARN  FOUserAgent:94 - Font "Symbol,normal,700" not found. Substituting with "Symbol,normal,400".
2022-02-10 02:48:01 WARN  FOUserAgent:94 - Font "ZapfDingbats,normal,700" not found. Substituting with "ZapfDingbats,normal,400".
2022-02-10 02:48:01 INFO  FOUserAgent:83 - Rendered page #1.
